2023-02-19 17:05:28:528 [32minfo[39m: [32mhey bro[39m
2023-02-19 17:08:04:84 [31merror[39m: [31mhey bro[39m
2023-02-19 17:08:38:838 [33mwarn[39m: [33mhey bro[39m
2023-02-19 17:08:58:858 [37mdebug[39m: [37mhey bro[39m
2023-02-19 17:11:39:1139 [35mhttp[39m: [35mhey bro[39m
2023-02-19 17:40:19:4019 : [31mhabva[39m
2023-02-19 17:48:52:4852 : [32mserver running on port 8000[39m
2023-02-19 17:49:17:4917 : [32mserver running on port 8000[39m
2023-02-19 17:50:23:5023 : [32mserver running on port 8000[39m
2023-02-19 18:03:54:354 : [32mserver running on port 8000[39m
2023-02-19 18:04:39:439 : [32mThis user already exist![39m
2023-02-19 18:05:29:529 : [32mserver running on port 8000[39m
2023-02-19 18:05:41:541 : [32mserver running on port 8000[39m
2023-02-19 18:05:45:545 : [31mThis user already exist![39m
2023-02-19 18:06:06:66 : [32mserver running on port 8000[39m
2023-02-19 18:06:08:68 : [31mThis user already exist![39m
2023-02-19 18:06:17:617 : [31mThis user already exist![39m
2023-02-19 18:06:40:640 : [32mserver running on port 8000[39m
2023-02-19 18:06:43:643 : [31mThis user already exist![39m
2023-02-19 18:07:14:714 : [32mserver running on port 8000[39m
2023-02-19 18:07:23:723 : [32mserver running on port 8000[39m
2023-02-19 18:21:07:217 : [31mThis user already exist![39m
2023-02-19 18:27:37:2737 : [31mThis user already exist![39m
2023-02-19 18:34:52:3452 : [31mThis user already exist![39m
2023-02-19 18:34:55:3455 : [31mThis user already exist![39m
2023-02-19 18:34:56:3456 : [31mThis user already exist![39m
2023-02-19 19:48:27:4827 : [32mserver running on port 8000[39m
2023-02-19 19:48:31:4831 : [31mThis user already exist![39m
2023-02-19 19:48:55:4855 : [32mEmail sent: 250 2.0.0 OK  1676832535 u10-20020a05600c00ca00b003ddf2865aeasm6730942wmm.41 - gsmtp[39m
